<?xml version="1.0" encoding="UTF-8"?>
<testsuite xmlns:xsi="http://www.w3.org/2001/XMLSchema-instance" xsi:noNamespaceSchemaLocation="https://maven.apache.org/surefire/maven-surefire-plugin/xsd/surefire-test-report.xsd" name="Scenario: Check Budget Margin slider Color from Set Margin Threshold and validate in Estimate" time="454.987" tests="95" errors="1" skipped="0" failures="2">
  <properties>
[...]
</properties>
  <testcase name="Given Open Browser and navigate to application URL(Scenario: Create New Estimate with Type Three " classname="Matter Details)" time="0.003"/>
  <testcase name="Given Verify user is at Login Page(Scenario: Create New Estimate with Type Three " classname="Matter Details)" time="0"/>
  <testcase name="When Enter username as &quot;Admin_User&quot;(Scenario: Create New Estimate with Type Three " classname="Matter Details)" time="0"/>
  <testcase name="And Enter password as &quot;Admin_Passowrd&quot;(Scenario: Create New Estimate with Type Three " classname="Matter Details)" time="0"/>
  <testcase name="And Click on login button(Scenario: Create New Estimate with Type Three " classname="Matter Details)" time="0"/>
  <testcase name="Then Verify user should Redirected to &quot;MatterMgtDash&quot; page(Scenario: Create New Estimate with Type Three " classname="Matter Details)" time="0"/>
  <testcase name="When Select &quot;Create an Estimate&quot; from LeftPan(Scenario: Create New Estimate with Type Three " classname="Matter Details)" time="0"/>
  <testcase name="And Click on &quot;FreshEstimateOpt&quot;(Scenario: Create New Estimate with Type Three " classname="Matter Details)" time="0"/>
  <testcase name="And Click on &quot;Next&quot;(Scenario: Create New Estimate with Type Three " classname="Matter Details)" time="0"/>
  <testcase name="Then Verify user should Redirected to &quot;CreateEstimatePage&quot; page(Scenario: Create New Estimate with Type Three " classname="Matter Details)" time="0"/>
  <testcase name="When Enter Estimate Name starting with below text(Scenario: Create New Estimate with Type Three " classname="Matter Details)" time="0"/>
  <testcase name="And Select Type of Budget as below(Scenario: Create New Estimate with Type Three " classname="Matter Details)" time="0"/>
  <testcase name="And Select Matter Type and Rate Type(Scenario: Create New Estimate with Type Three " classname="Matter Details)" time="0"/>
  <testcase name="And Type and select Client Name, Practice Group, Template and Currency(Scenario: Create New Estimate with Type Three " classname="Matter Details)" time="0"/>
  <testcase name="When Click on &quot;CreateNewEstimateBtn&quot;(Scenario: Create New Estimate with Type Three " classname="Matter Details)" time="0"/>
  <testcase name="And I verify the Fee Plan page(Scenario: Create New Estimate with Type Three " classname="Matter Details)" time="0"/>
  <testcase name="Then Verify Estimat created in DB(Scenario: Create New Estimate with Type Three " classname="Matter Details)" time="0"/>
  <testcase name="Then Close the browser(Scenario: Create New Estimate with Type Three " classname="Matter Details)" time="0"/>
  <testcase name="Scenario: Create New Estimate with Type Three " classname="Matter Details" time="0.015"/>
  <testcase name="Given Open Browser and navigate to application URL" classname="Scenario: Fee Plan,Cost Plan, Info, Third Party and What If Tabs" time="0"/>
  <testcase name="Given Verify user is at Login Page" classname="Scenario: Fee Plan,Cost Plan, Info, Third Party and What If Tabs" time="0"/>
  <testcase name="When Enter username as &quot;Admin_User&quot;" classname="Scenario: Fee Plan,Cost Plan, Info, Third Party and What If Tabs" time="0"/>
  <testcase name="And Enter password as &quot;Admin_Passowrd&quot;" classname="Scenario: Fee Plan,Cost Plan, Info, Third Party and What If Tabs" time="0"/>
  <testcase name="And Click on login button" classname="Scenario: Fee Plan,Cost Plan, Info, Third Party and What If Tabs" time="0"/>
  <testcase name="Then Verify user should Redirected to &quot;MatterMgtDash&quot; page" classname="Scenario: Fee Plan,Cost Plan, Info, Third Party and What If Tabs" time="0"/>
  <testcase name="Then Verify the created estimate at dashboard" classname="Scenario: Fee Plan,Cost Plan, Info, Third Party and What If Tabs" time="0"/>
  <testcase name="When Select &quot;My Estimates&quot; from LeftPan" classname="Scenario: Fee Plan,Cost Plan, Info, Third Party and What If Tabs" time="0"/>
  <testcase name="And Search for previously created Estimate" classname="Scenario: Fee Plan,Cost Plan, Info, Third Party and What If Tabs" time="0"/>
  <testcase name="And Click on view for the estimate" classname="Scenario: Fee Plan,Cost Plan, Info, Third Party and What If Tabs" time="0"/>
  <testcase name="When Expand the Task if Estimate is Type 3" classname="Scenario: Fee Plan,Cost Plan, Info, Third Party and What If Tabs" time="0"/>
  <testcase name="And Click on Add new record button for Fee Plan" classname="Scenario: Fee Plan,Cost Plan, Info, Third Party and What If Tabs" time="0"/>
  <testcase name="Then Verify the Activity field is required" classname="Scenario: Fee Plan,Cost Plan, Info, Third Party and What If Tabs" time="0"/>
  <testcase name="When Enter activity" classname="Scenario: Fee Plan,Cost Plan, Info, Third Party and What If Tabs" time="0"/>
  <testcase name="Then Validate start date and end date fields" classname="Scenario: Fee Plan,Cost Plan, Info, Third Party and What If Tabs" time="0"/>
  <testcase name="And Delete the Fee record" classname="Scenario: Fee Plan,Cost Plan, Info, Third Party and What If Tabs" time="0"/>
  <testcase name="When Add &quot;First Fee&quot; record with below values" classname="Scenario: Fee Plan,Cost Plan, Info, Third Party and What If Tabs" time="0"/>
  <testcase name="Then verify Standard rate and hourly budget for &quot;1st&quot; Fee Record" classname="Scenario: Fee Plan,Cost Plan, Info, Third Party and What If Tabs" time="0"/>
  <testcase name="When Add &quot;Second Fee&quot; record with below values" classname="Scenario: Fee Plan,Cost Plan, Info, Third Party and What If Tabs" time="0"/>
  <testcase name="Then verify Standard rate and hourly budget for &quot;2nd&quot; Fee Record" classname="Scenario: Fee Plan,Cost Plan, Info, Third Party and What If Tabs" time="0"/>
  <testcase name="And Click on &quot;Submit&quot; button" classname="Scenario: Fee Plan,Cost Plan, Info, Third Party and What If Tabs" time="0"/>
  <testcase name="And Click on &quot;Submit&quot; button" classname="Scenario: Fee Plan,Cost Plan, Info, Third Party and What If Tabs" time="0"/>
  <testcase name="And Click on &quot;Submit&quot; button" classname="Scenario: Fee Plan,Cost Plan, Info, Third Party and What If Tabs" time="0"/>
  <testcase name="And Click on &quot;Submit&quot; button" classname="Scenario: Fee Plan,Cost Plan, Info, Third Party and What If Tabs" time="0"/>
  <testcase name="And Click on &quot;Submit&quot; button" classname="Scenario: Fee Plan,Cost Plan, Info, Third Party and What If Tabs" time="0"/>
  <testcase name="When Switch to &quot;Cost Plan&quot; Tab" classname="Scenario: Fee Plan,Cost Plan, Info, Third Party and What If Tabs" time="0"/>
  <testcase name="And Add &quot;First Cost&quot; Cost record with below values" classname="Scenario: Fee Plan,Cost Plan, Info, Third Party and What If Tabs" time="0"/>
  <testcase name="And Verify Rate For Cost Code of &quot;1st&quot; cost record" classname="Scenario: Fee Plan,Cost Plan, Info, Third Party and What If Tabs" time="0"/>
  <testcase name="And Verify Amount of &quot;1st&quot; cost plan record" classname="Scenario: Fee Plan,Cost Plan, Info, Third Party and What If Tabs" time="0"/>
  <testcase name="When Add &quot;Second Cost&quot; Cost record with below values" classname="Scenario: Fee Plan,Cost Plan, Info, Third Party and What If Tabs" time="0"/>
  <testcase name="Then Verify Rate For Cost Code of &quot;2nd&quot; cost record" classname="Scenario: Fee Plan,Cost Plan, Info, Third Party and What If Tabs" time="0"/>
  <testcase name="And Verify Amount of &quot;2nd&quot; cost plan record" classname="Scenario: Fee Plan,Cost Plan, Info, Third Party and What If Tabs" time="0"/>
  <testcase name="When Switch to &quot;Info&quot; Tab" classname="Scenario: Fee Plan,Cost Plan, Info, Third Party and What If Tabs" time="0"/>
  <testcase name="And Verify Estimate and Client Info" classname="Scenario: Fee Plan,Cost Plan, Info, Third Party and What If Tabs" time="0"/>
  <testcase name="And Add &quot;1st Firm&quot; Firm Record with below values" classname="Scenario: Fee Plan,Cost Plan, Info, Third Party and What If Tabs" time="0"/>
  <testcase name="Then Verify Email and phone validation for &quot;1st Client&quot; with below details" classname="Scenario: Fee Plan,Cost Plan, Info, Third Party and What If Tabs" time="0"/>
  <testcase name="And Delete the &quot;1st Client&quot; row" classname="Scenario: Fee Plan,Cost Plan, Info, Third Party and What If Tabs" time="0"/>
  <testcase name="When &quot;1st Client&quot; Client Details as below" classname="Scenario: Fee Plan,Cost Plan, Info, Third Party and What If Tabs" time="0"/>
  <testcase name="When Switch to &quot;Third Party&quot; Tab" classname="Scenario: Fee Plan,Cost Plan, Info, Third Party and What If Tabs" time="0"/>
  <testcase name="Then Validate &quot;First TP&quot; Dates with below entries" classname="Scenario: Fee Plan,Cost Plan, Info, Third Party and What If Tabs" time="0.012">
    <failure message="Element Locator ://div[@id=&apos;toast-container&apos;]//div[contains(text(), &apos;Start Date should not be greater than End Date !&apos;)] Not found" type="java.lang.AssertionError">java.lang.AssertionError: Element Locator ://div[@id='toast-container']//div[contains(text(), 'Start Date should not be greater than End Date !')] Not found
</failure>
  </testcase>
  <testcase name="Scenario: Fee Plan,Cost Plan, Info, Third Party and What If Tabs" classname="Scenario: Fee Plan,Cost Plan, Info, Third Party and What If Tabs" time="0.012">
    <failure message="Element Locator ://div[@id=&apos;toast-container&apos;]//div[contains(text(), &apos;Start Date should not be greater than End Date !&apos;)] Not found" type="java.lang.AssertionError">java.lang.AssertionError: Element Locator ://div[@id='toast-container']//div[contains(text(), 'Start Date should not be greater than End Date !')] Not found
</failure>
  </testcase>
  <testcase name="Scenario: Fee Plan,Cost Plan, Info, Third Party and What If Tabs" classname="Scenario: Fee Plan,Cost Plan, Info, Third Party and What If Tabs" time="0">
    <error message="Session ID is null. Using WebDriver after calling quit()?&#10;Build info: version: &apos;3.12.0&apos;, revision: &apos;7c6e0b3&apos;, time: &apos;2018-05-08T14:04:26.12Z&apos;&#10;System info: host: &apos;HELM-LAP024&apos;, ip: &apos;10.1.60.20&apos;, os.name: &apos;Windows 10&apos;, os.arch: &apos;amd64&apos;, os.version: &apos;10.0&apos;, java.version: &apos;1.8.0_91&apos;&#10;Driver info: driver.version: RemoteWebDriver" type="org.openqa.selenium.NoSuchSessionException">org.openqa.selenium.NoSuchSessionException: 
Session ID is null. Using WebDriver after calling quit()?
Build info: version: '3.12.0', revision: '7c6e0b3', time: '2018-05-08T14:04:26.12Z'
System info: host: 'HELM-LAP024', ip: '10.1.60.20', os.name: 'Windows 10', os.arch: 'amd64', os.version: '10.0', java.version: '1.8.0_91'
Driver info: driver.version: RemoteWebDriver
</error>
    <system-out><![CDATA[Scenario Name Is: Fee Plan,Cost Plan, Info, Third Party and What If Tabs
]]></system-out>
  </testcase>
  <testcase name="Then Delete the Third Party record" classname="Scenario: Fee Plan,Cost Plan, Info, Third Party and What If Tabs" time="0"/>
  <testcase name="And Add &quot;First TP&quot; Third Party Record with below values" classname="Scenario: Fee Plan,Cost Plan, Info, Third Party and What If Tabs" time="0"/>
  <testcase name="And Verify Rate and Third Party Cost calculation for &quot;First TP&quot; row" classname="Scenario: Fee Plan,Cost Plan, Info, Third Party and What If Tabs" time="0"/>
  <testcase name="When Switch to &quot;What If&quot; Tab" classname="Scenario: Fee Plan,Cost Plan, Info, Third Party and What If Tabs" time="0"/>
  <testcase name="And click on copy and edit button on &quot;Current Budget&quot;" classname="Scenario: Fee Plan,Cost Plan, Info, Third Party and What If Tabs" time="0"/>
  <testcase name="Then Verify new What if added" classname="Scenario: Fee Plan,Cost Plan, Info, Third Party and What If Tabs" time="0"/>
  <testcase name="When Change resource, hours, Avg rate and Budget as below mentionedin new what if" classname="Scenario: Fee Plan,Cost Plan, Info, Third Party and What If Tabs" time="0"/>
  <testcase name="And Save the What If" classname="Scenario: Fee Plan,Cost Plan, Info, Third Party and What If Tabs" time="0"/>
  <testcase name="Then Verify that Total Budget and Budget Margin percentage updated correctly" classname="Scenario: Fee Plan,Cost Plan, Info, Third Party and What If Tabs" time="0"/>
  <testcase name="Then Calculate Hourly Fee Budget" classname="Scenario: Fee Plan,Cost Plan, Info, Third Party and What If Tabs" time="0"/>
  <testcase name="And Calculate Proposed Budget" classname="Scenario: Fee Plan,Cost Plan, Info, Third Party and What If Tabs" time="0"/>
  <testcase name="When Open Slider from bottom" classname="Scenario: Fee Plan,Cost Plan, Info, Third Party and What If Tabs" time="0"/>
  <testcase name="Then Match Calculated Hourly Fee Budget and Proposed Budget with Database" classname="Scenario: Fee Plan,Cost Plan, Info, Third Party and What If Tabs" time="0"/>
  <testcase name="Then Calculate Budget Profit and match with Database" classname="Scenario: Fee Plan,Cost Plan, Info, Third Party and What If Tabs" time="0"/>
  <testcase name="Then Calculate Budget Margin and match with Database" classname="Scenario: Fee Plan,Cost Plan, Info, Third Party and What If Tabs" time="0"/>
  <testcase name="And Hide the Slider from bottom" classname="Scenario: Fee Plan,Cost Plan, Info, Third Party and What If Tabs" time="0"/>
  <testcase name="Then Close the browser" classname="Scenario: Fee Plan,Cost Plan, Info, Third Party and What If Tabs" time="0"/>
  <testcase name="Given Open Browser and navigate to application URL" classname="Scenario: Check Budget Margin slider Color from Set Margin Threshold and validate in Estimate" time="0"/>
  <testcase name="Given Verify user is at Login Page" classname="Scenario: Check Budget Margin slider Color from Set Margin Threshold and validate in Estimate" time="0"/>
  <testcase name="When Enter username as &quot;Admin_User&quot;" classname="Scenario: Check Budget Margin slider Color from Set Margin Threshold and validate in Estimate" time="0"/>
  <testcase name="And Enter password as &quot;Admin_Passowrd&quot;" classname="Scenario: Check Budget Margin slider Color from Set Margin Threshold and validate in Estimate" time="0"/>
  <testcase name="And Click on login button" classname="Scenario: Check Budget Margin slider Color from Set Margin Threshold and validate in Estimate" time="0"/>
  <testcase name="Then Verify user should Redirected to &quot;MatterMgtDash&quot; page" classname="Scenario: Check Budget Margin slider Color from Set Margin Threshold and validate in Estimate" time="0"/>
  <testcase name="When Select &quot;Set Margins&quot; from LeftPan" classname="Scenario: Check Budget Margin slider Color from Set Margin Threshold and validate in Estimate" time="0"/>
  <testcase name="Then Verify Set Margin Threshold grid is opened" classname="Scenario: Check Budget Margin slider Color from Set Margin Threshold and validate in Estimate" time="0"/>
  <testcase name="And Get the Margin color values of Practice Group and if selected practice group is not mentioned then get it for Firm" classname="Scenario: Check Budget Margin slider Color from Set Margin Threshold and validate in Estimate" time="0"/>
  <testcase name="When Select &quot;My Estimates&quot; from LeftPan" classname="Scenario: Check Budget Margin slider Color from Set Margin Threshold and validate in Estimate" time="0"/>
  <testcase name="And Search for previously created Estimate" classname="Scenario: Check Budget Margin slider Color from Set Margin Threshold and validate in Estimate" time="0"/>
  <testcase name="And Click on view for the estimate" classname="Scenario: Check Budget Margin slider Color from Set Margin Threshold and validate in Estimate" time="0"/>
  <testcase name="When Open Slider from bottom" classname="Scenario: Check Budget Margin slider Color from Set Margin Threshold and validate in Estimate" time="0"/>
  <testcase name="Then Validate the slider bar color" classname="Scenario: Check Budget Margin slider Color from Set Margin Threshold and validate in Estimate" time="0"/>
  <testcase name="And Hide the Slider from bottom" classname="Scenario: Check Budget Margin slider Color from Set Margin Threshold and validate in Estimate" time="0"/>
  <testcase name="Then Close the browser" classname="Scenario: Check Budget Margin slider Color from Set Margin Threshold and validate in Estimate" time="0"/>
  <testcase name="Scenario: Check Budget Margin slider Color from Set Margin Threshold and validate in Estimate" classname="Scenario: Check Budget Margin slider Color from Set Margin Threshold and validate in Estimate" time="0"/>
</testsuite>